{"C:\\w_bimp\\dynamic-reducer\\out-tsc\\actions.js": {"path":"C:\\w_bimp\\dynamic-reducer\\out-tsc\\actions.js","statementMap":{"0":{"start":{"line":2,"column":24},"end":{"line":5,"column":2}},"1":{"start":{"line":2,"column":36},"end":{"line":5,"column":1}}},"fnMap":{"0":{"name":"(anonymous_0)","decl":{"start":{"line":2,"column":24},"end":{"line":2,"column":25}},"loc":{"start":{"line":2,"column":36},"end":{"line":5,"column":1}},"line":2}},"branchMap":{},"s":{"0":1,"1":0},"f":{"0":0},"b":{},"_coverageSchema":"1a1c01bbd47fc00a2c39e90264f33305004495a9","hash":"b00702ff9a113a6575758b52342f138167f83bf3"}
,"C:\\w_bimp\\dynamic-reducer\\out-tsc\\actionsTypes.js": {"path":"C:\\w_bimp\\dynamic-reducer\\out-tsc\\actionsTypes.js","statementMap":{"0":{"start":{"line":1,"column":20},"end":{"line":1,"column":30}},"1":{"start":{"line":2,"column":25},"end":{"line":2,"column":40}},"2":{"start":{"line":3,"column":21},"end":{"line":3,"column":32}}},"fnMap":{},"branchMap":{},"s":{"0":1,"1":1,"2":1},"f":{},"b":{},"_coverageSchema":"1a1c01bbd47fc00a2c39e90264f33305004495a9","hash":"f5ce2b0c915a336b833366087d2acf213a6bf71e"}
,"C:\\w_bimp\\dynamic-reducer\\out-tsc\\index.js": {"path":"C:\\w_bimp\\dynamic-reducer\\out-tsc\\index.js","statementMap":{"0":{"start":{"line":4,"column":16},"end":{"line":4,"column":36}}},"fnMap":{},"branchMap":{},"s":{"0":1},"f":{},"b":{},"_coverageSchema":"1a1c01bbd47fc00a2c39e90264f33305004495a9","hash":"f0b430f6345381919793abcb44fa0d9f3ab44648"}
,"C:\\w_bimp\\dynamic-reducer\\out-tsc\\reducer.js": {"path":"C:\\w_bimp\\dynamic-reducer\\out-tsc\\reducer.js","statementMap":{"0":{"start":{"line":2,"column":29},"end":{"line":74,"column":1}},"1":{"start":{"line":3,"column":21},"end":{"line":3,"column":23}},"2":{"start":{"line":4,"column":26},"end":{"line":24,"column":5}},"3":{"start":{"line":5,"column":21},"end":{"line":5,"column":36}},"4":{"start":{"line":6,"column":8},"end":{"line":22,"column":9}},"5":{"start":{"line":7,"column":12},"end":{"line":12,"column":15}},"6":{"start":{"line":8,"column":16},"end":{"line":11,"column":17}},"7":{"start":{"line":10,"column":20},"end":{"line":10,"column":33}},"8":{"start":{"line":13,"column":28},"end":{"line":13,"column":65}},"9":{"start":{"line":13,"column":55},"end":{"line":13,"column":64}},"10":{"start":{"line":14,"column":12},"end":{"line":21,"column":13}},"11":{"start":{"line":15,"column":16},"end":{"line":15,"column":42}},"12":{"start":{"line":18,"column":16},"end":{"line":18,"column":39}},"13":{"start":{"line":19,"column":16},"end":{"line":19,"column":49}},"14":{"start":{"line":20,"column":16},"end":{"line":20,"column":28}},"15":{"start":{"line":23,"column":8},"end":{"line":23,"column":21}},"16":{"start":{"line":25,"column":23},"end":{"line":43,"column":5}},"17":{"start":{"line":26,"column":21},"end":{"line":26,"column":36}},"18":{"start":{"line":27,"column":8},"end":{"line":41,"column":9}},"19":{"start":{"line":28,"column":34},"end":{"line":28,"column":79}},"20":{"start":{"line":28,"column":54},"end":{"line":28,"column":78}},"21":{"start":{"line":29,"column":12},"end":{"line":36,"column":13}},"22":{"start":{"line":31,"column":16},"end":{"line":31,"column":38}},"23":{"start":{"line":34,"column":16},"end":{"line":34,"column":49}},"24":{"start":{"line":35,"column":16},"end":{"line":35,"column":48}},"25":{"start":{"line":39,"column":12},"end":{"line":39,"column":54}},"26":{"start":{"line":40,"column":12},"end":{"line":40,"column":44}},"27":{"start":{"line":42,"column":8},"end":{"line":42,"column":61}},"28":{"start":{"line":42,"column":21},"end":{"line":42,"column":60}},"29":{"start":{"line":44,"column":22},"end":{"line":44,"column":24}},"30":{"start":{"line":45,"column":20},"end":{"line":69,"column":5}},"31":{"start":{"line":46,"column":8},"end":{"line":68,"column":9}},"32":{"start":{"line":48,"column":16},"end":{"line":48,"column":38}},"33":{"start":{"line":50,"column":68},"end":{"line":50,"column":73}},"34":{"start":{"line":51,"column":16},"end":{"line":51,"column":53}},"35":{"start":{"line":54,"column":16},"end":{"line":65,"column":17}},"36":{"start":{"line":55,"column":38},"end":{"line":55,"column":50}},"37":{"start":{"line":56,"column":41},"end":{"line":56,"column":60}},"38":{"start":{"line":57,"column":20},"end":{"line":63,"column":21}},"39":{"start":{"line":58,"column":40},"end":{"line":58,"column":56}},"40":{"start":{"line":59,"column":43},"end":{"line":59,"column":139}},"41":{"start":{"line":59,"column":91},"end":{"line":59,"column":129}},"42":{"start":{"line":60,"column":24},"end":{"line":62,"column":25}},"43":{"start":{"line":61,"column":28},"end":{"line":61,"column":73}},"44":{"start":{"line":64,"column":20},"end":{"line":64,"column":33}},"45":{"start":{"line":66,"column":16},"end":{"line":66,"column":29}},"46":{"start":{"line":70,"column":4},"end":{"line":73,"column":6}}},"fnMap":{"0":{"name":"(anonymous_0)","decl":{"start":{"line":2,"column":29},"end":{"line":2,"column":30}},"loc":{"start":{"line":2,"column":35},"end":{"line":74,"column":1}},"line":2},"1":{"name":"(anonymous_1)","decl":{"start":{"line":4,"column":26},"end":{"line":4,"column":27}},"loc":{"start":{"line":4,"column":56},"end":{"line":24,"column":5}},"line":4},"2":{"name":"(anonymous_2)","decl":{"start":{"line":7,"column":25},"end":{"line":7,"column":26}},"loc":{"start":{"line":7,"column":35},"end":{"line":12,"column":13}},"line":7},"3":{"name":"(anonymous_3)","decl":{"start":{"line":13,"column":40},"end":{"line":13,"column":41}},"loc":{"start":{"line":13,"column":55},"end":{"line":13,"column":64}},"line":13},"4":{"name":"(anonymous_4)","decl":{"start":{"line":25,"column":23},"end":{"line":25,"column":24}},"loc":{"start":{"line":25,"column":53},"end":{"line":43,"column":5}},"line":25},"5":{"name":"(anonymous_5)","decl":{"start":{"line":28,"column":44},"end":{"line":28,"column":45}},"loc":{"start":{"line":28,"column":54},"end":{"line":28,"column":78}},"line":28},"6":{"name":"(anonymous_6)","decl":{"start":{"line":42,"column":15},"end":{"line":42,"column":16}},"loc":{"start":{"line":42,"column":21},"end":{"line":42,"column":60}},"line":42},"7":{"name":"(anonymous_7)","decl":{"start":{"line":45,"column":20},"end":{"line":45,"column":21}},"loc":{"start":{"line":45,"column":51},"end":{"line":69,"column":5}},"line":45},"8":{"name":"(anonymous_8)","decl":{"start":{"line":59,"column":63},"end":{"line":59,"column":64}},"loc":{"start":{"line":59,"column":91},"end":{"line":59,"column":129}},"line":59}},"branchMap":{"0":{"loc":{"start":{"line":6,"column":8},"end":{"line":22,"column":9}},"type":"if","locations":[{"start":{"line":6,"column":8},"end":{"line":22,"column":9}},{"start":{"line":6,"column":8},"end":{"line":22,"column":9}}],"line":6},"1":{"loc":{"start":{"line":8,"column":16},"end":{"line":11,"column":17}},"type":"if","locations":[{"start":{"line":8,"column":16},"end":{"line":11,"column":17}},{"start":{"line":8,"column":16},"end":{"line":11,"column":17}}],"line":8},"2":{"loc":{"start":{"line":14,"column":12},"end":{"line":21,"column":13}},"type":"if","locations":[{"start":{"line":14,"column":12},"end":{"line":21,"column":13}},{"start":{"line":14,"column":12},"end":{"line":21,"column":13}}],"line":14},"3":{"loc":{"start":{"line":27,"column":8},"end":{"line":41,"column":9}},"type":"if","locations":[{"start":{"line":27,"column":8},"end":{"line":41,"column":9}},{"start":{"line":27,"column":8},"end":{"line":41,"column":9}}],"line":27},"4":{"loc":{"start":{"line":29,"column":12},"end":{"line":36,"column":13}},"type":"if","locations":[{"start":{"line":29,"column":12},"end":{"line":36,"column":13}},{"start":{"line":29,"column":12},"end":{"line":36,"column":13}}],"line":29},"5":{"loc":{"start":{"line":45,"column":21},"end":{"line":45,"column":38}},"type":"default-arg","locations":[{"start":{"line":45,"column":29},"end":{"line":45,"column":38}}],"line":45},"6":{"loc":{"start":{"line":46,"column":8},"end":{"line":68,"column":9}},"type":"switch","locations":[{"start":{"line":47,"column":12},"end":{"line":48,"column":38}},{"start":{"line":49,"column":12},"end":{"line":52,"column":13}},{"start":{"line":53,"column":12},"end":{"line":67,"column":13}}],"line":46},"7":{"loc":{"start":{"line":51,"column":23},"end":{"line":51,"column":52}},"type":"cond-expr","locations":[{"start":{"line":51,"column":34},"end":{"line":51,"column":44}},{"start":{"line":51,"column":47},"end":{"line":51,"column":52}}],"line":51},"8":{"loc":{"start":{"line":54,"column":16},"end":{"line":65,"column":17}},"type":"if","locations":[{"start":{"line":54,"column":16},"end":{"line":65,"column":17}},{"start":{"line":54,"column":16},"end":{"line":65,"column":17}}],"line":54},"9":{"loc":{"start":{"line":57,"column":20},"end":{"line":63,"column":21}},"type":"if","locations":[{"start":{"line":57,"column":20},"end":{"line":63,"column":21}},{"start":{"line":57,"column":20},"end":{"line":63,"column":21}}],"line":57},"10":{"loc":{"start":{"line":60,"column":24},"end":{"line":62,"column":25}},"type":"if","locations":[{"start":{"line":60,"column":24},"end":{"line":62,"column":25}},{"start":{"line":60,"column":24},"end":{"line":62,"column":25}}],"line":60}},"s":{"0":1,"1":1,"2":1,"3":0,"4":0,"5":0,"6":0,"7":0,"8":0,"9":0,"10":0,"11":0,"12":0,"13":0,"14":0,"15":0,"16":1,"17":1,"18":1,"19":0,"20":0,"21":0,"22":0,"23":0,"24":0,"25":1,"26":1,"27":1,"28":0,"29":1,"30":1,"31":2,"32":0,"33":0,"34":0,"35":2,"36":1,"37":1,"38":1,"39":1,"40":1,"41":1,"42":1,"43":1,"44":0,"45":1,"46":1},"f":{"0":1,"1":0,"2":0,"3":0,"4":1,"5":0,"6":0,"7":2,"8":1},"b":{"0":[0,0],"1":[0,0],"2":[0,0],"3":[0,1],"4":[0,0],"5":[1],"6":[0,0,2],"7":[0,0],"8":[1,1],"9":[1,0],"10":[1,0]},"_coverageSchema":"1a1c01bbd47fc00a2c39e90264f33305004495a9","hash":"5af7fcd64c06a7f06424f659cacfd426edf1ae24"}
,"C:\\w_bimp\\dynamic-reducer\\src\\actions.ts": {"path":"C:\\w_bimp\\dynamic-reducer\\src\\actions.ts","statementMap":{"0":{"start":{"line":3,"column":24},"end":{"line":6,"column":2}},"1":{"start":{"line":3,"column":45},"end":{"line":6,"column":1}}},"fnMap":{"0":{"name":"(anonymous_0)","decl":{"start":{"line":3,"column":24},"end":{"line":3,"column":25}},"loc":{"start":{"line":3,"column":45},"end":{"line":6,"column":1}},"line":3}},"branchMap":{},"s":{"0":1,"1":0},"f":{"0":0},"b":{},"_coverageSchema":"1a1c01bbd47fc00a2c39e90264f33305004495a9","hash":"071fe44a5c643b10ac8e725f902a7c88e9bee87b"}
,"C:\\w_bimp\\dynamic-reducer\\src\\actionsTypes.ts": {"path":"C:\\w_bimp\\dynamic-reducer\\src\\actionsTypes.ts","statementMap":{"0":{"start":{"line":1,"column":20},"end":{"line":1,"column":30}},"1":{"start":{"line":2,"column":25},"end":{"line":2,"column":40}},"2":{"start":{"line":3,"column":21},"end":{"line":3,"column":32}}},"fnMap":{},"branchMap":{},"s":{"0":1,"1":1,"2":1},"f":{},"b":{},"_coverageSchema":"1a1c01bbd47fc00a2c39e90264f33305004495a9","hash":"211bd8d92db7b7a70c2249c3a276ae1d9be32679"}
,"C:\\w_bimp\\dynamic-reducer\\src\\index.ts": {"path":"C:\\w_bimp\\dynamic-reducer\\src\\index.ts","statementMap":{"0":{"start":{"line":6,"column":16},"end":{"line":6,"column":36}}},"fnMap":{},"branchMap":{},"s":{"0":1},"f":{},"b":{},"_coverageSchema":"1a1c01bbd47fc00a2c39e90264f33305004495a9","hash":"905b7c4dc0b4c615fc227d7bbde887973736afd3"}
,"C:\\w_bimp\\dynamic-reducer\\src\\reducer.ts": {"path":"C:\\w_bimp\\dynamic-reducer\\src\\reducer.ts","statementMap":{"0":{"start":{"line":15,"column":29},"end":{"line":92,"column":1}},"1":{"start":{"line":16,"column":47},"end":{"line":16,"column":49}},"2":{"start":{"line":18,"column":24},"end":{"line":38,"column":3}},"3":{"start":{"line":19,"column":17},"end":{"line":19,"column":32}},"4":{"start":{"line":20,"column":4},"end":{"line":36,"column":5}},"5":{"start":{"line":21,"column":6},"end":{"line":26,"column":9}},"6":{"start":{"line":22,"column":8},"end":{"line":25,"column":9}},"7":{"start":{"line":24,"column":10},"end":{"line":24,"column":23}},"8":{"start":{"line":27,"column":22},"end":{"line":27,"column":59}},"9":{"start":{"line":27,"column":49},"end":{"line":27,"column":58}},"10":{"start":{"line":29,"column":6},"end":{"line":35,"column":7}},"11":{"start":{"line":30,"column":8},"end":{"line":30,"column":34}},"12":{"start":{"line":32,"column":8},"end":{"line":32,"column":31}},"13":{"start":{"line":33,"column":8},"end":{"line":33,"column":41}},"14":{"start":{"line":34,"column":8},"end":{"line":34,"column":20}},"15":{"start":{"line":37,"column":4},"end":{"line":37,"column":17}},"16":{"start":{"line":40,"column":21},"end":{"line":56,"column":3}},"17":{"start":{"line":41,"column":17},"end":{"line":41,"column":32}},"18":{"start":{"line":42,"column":4},"end":{"line":54,"column":5}},"19":{"start":{"line":43,"column":28},"end":{"line":43,"column":73}},"20":{"start":{"line":43,"column":48},"end":{"line":43,"column":72}},"21":{"start":{"line":44,"column":6},"end":{"line":50,"column":7}},"22":{"start":{"line":46,"column":8},"end":{"line":46,"column":30}},"23":{"start":{"line":48,"column":8},"end":{"line":48,"column":41}},"24":{"start":{"line":49,"column":8},"end":{"line":49,"column":40}},"25":{"start":{"line":52,"column":6},"end":{"line":52,"column":48}},"26":{"start":{"line":53,"column":6},"end":{"line":53,"column":38}},"27":{"start":{"line":55,"column":4},"end":{"line":55,"column":57}},"28":{"start":{"line":55,"column":17},"end":{"line":55,"column":56}},"29":{"start":{"line":58,"column":28},"end":{"line":58,"column":30}},"30":{"start":{"line":60,"column":43},"end":{"line":87,"column":3}},"31":{"start":{"line":61,"column":4},"end":{"line":86,"column":5}},"32":{"start":{"line":63,"column":8},"end":{"line":63,"column":40}},"33":{"start":{"line":65,"column":60},"end":{"line":65,"column":65}},"34":{"start":{"line":66,"column":8},"end":{"line":66,"column":45}},"35":{"start":{"line":69,"column":8},"end":{"line":83,"column":9}},"36":{"start":{"line":70,"column":28},"end":{"line":70,"column":40}},"37":{"start":{"line":71,"column":31},"end":{"line":71,"column":50}},"38":{"start":{"line":72,"column":10},"end":{"line":81,"column":11}},"39":{"start":{"line":73,"column":28},"end":{"line":73,"column":44}},"40":{"start":{"line":74,"column":31},"end":{"line":77,"column":13}},"41":{"start":{"line":75,"column":42},"end":{"line":75,"column":80}},"42":{"start":{"line":78,"column":12},"end":{"line":80,"column":13}},"43":{"start":{"line":79,"column":14},"end":{"line":79,"column":59}},"44":{"start":{"line":82,"column":10},"end":{"line":82,"column":23}},"45":{"start":{"line":84,"column":8},"end":{"line":84,"column":21}},"46":{"start":{"line":88,"column":2},"end":{"line":91,"column":4}}},"fnMap":{"0":{"name":"(anonymous_0)","decl":{"start":{"line":15,"column":29},"end":{"line":15,"column":30}},"loc":{"start":{"line":15,"column":35},"end":{"line":92,"column":1}},"line":15},"1":{"name":"(anonymous_1)","decl":{"start":{"line":18,"column":24},"end":{"line":18,"column":25}},"loc":{"start":{"line":18,"column":81},"end":{"line":38,"column":3}},"line":18},"2":{"name":"(anonymous_2)","decl":{"start":{"line":21,"column":19},"end":{"line":21,"column":20}},"loc":{"start":{"line":21,"column":29},"end":{"line":26,"column":7}},"line":21},"3":{"name":"(anonymous_3)","decl":{"start":{"line":27,"column":34},"end":{"line":27,"column":35}},"loc":{"start":{"line":27,"column":49},"end":{"line":27,"column":58}},"line":27},"4":{"name":"(anonymous_4)","decl":{"start":{"line":40,"column":21},"end":{"line":40,"column":22}},"loc":{"start":{"line":40,"column":78},"end":{"line":56,"column":3}},"line":40},"5":{"name":"(anonymous_5)","decl":{"start":{"line":43,"column":38},"end":{"line":43,"column":39}},"loc":{"start":{"line":43,"column":48},"end":{"line":43,"column":72}},"line":43},"6":{"name":"(anonymous_6)","decl":{"start":{"line":55,"column":11},"end":{"line":55,"column":12}},"loc":{"start":{"line":55,"column":17},"end":{"line":55,"column":56}},"line":55},"7":{"name":"(anonymous_7)","decl":{"start":{"line":60,"column":43},"end":{"line":60,"column":44}},"loc":{"start":{"line":60,"column":74},"end":{"line":87,"column":3}},"line":60},"8":{"name":"(anonymous_8)","decl":{"start":{"line":75,"column":14},"end":{"line":75,"column":15}},"loc":{"start":{"line":75,"column":42},"end":{"line":75,"column":80}},"line":75}},"branchMap":{"0":{"loc":{"start":{"line":20,"column":4},"end":{"line":36,"column":5}},"type":"if","locations":[{"start":{"line":20,"column":4},"end":{"line":36,"column":5}},{"start":{"line":20,"column":4},"end":{"line":36,"column":5}}],"line":20},"1":{"loc":{"start":{"line":22,"column":8},"end":{"line":25,"column":9}},"type":"if","locations":[{"start":{"line":22,"column":8},"end":{"line":25,"column":9}},{"start":{"line":22,"column":8},"end":{"line":25,"column":9}}],"line":22},"2":{"loc":{"start":{"line":29,"column":6},"end":{"line":35,"column":7}},"type":"if","locations":[{"start":{"line":29,"column":6},"end":{"line":35,"column":7}},{"start":{"line":29,"column":6},"end":{"line":35,"column":7}}],"line":29},"3":{"loc":{"start":{"line":42,"column":4},"end":{"line":54,"column":5}},"type":"if","locations":[{"start":{"line":42,"column":4},"end":{"line":54,"column":5}},{"start":{"line":42,"column":4},"end":{"line":54,"column":5}}],"line":42},"4":{"loc":{"start":{"line":44,"column":6},"end":{"line":50,"column":7}},"type":"if","locations":[{"start":{"line":44,"column":6},"end":{"line":50,"column":7}},{"start":{"line":44,"column":6},"end":{"line":50,"column":7}}],"line":44},"5":{"loc":{"start":{"line":60,"column":44},"end":{"line":60,"column":61}},"type":"default-arg","locations":[{"start":{"line":60,"column":52},"end":{"line":60,"column":61}}],"line":60},"6":{"loc":{"start":{"line":61,"column":4},"end":{"line":86,"column":5}},"type":"switch","locations":[{"start":{"line":62,"column":6},"end":{"line":63,"column":40}},{"start":{"line":64,"column":6},"end":{"line":67,"column":7}},{"start":{"line":68,"column":6},"end":{"line":85,"column":7}}],"line":61},"7":{"loc":{"start":{"line":66,"column":15},"end":{"line":66,"column":44}},"type":"cond-expr","locations":[{"start":{"line":66,"column":26},"end":{"line":66,"column":36}},{"start":{"line":66,"column":39},"end":{"line":66,"column":44}}],"line":66},"8":{"loc":{"start":{"line":69,"column":8},"end":{"line":83,"column":9}},"type":"if","locations":[{"start":{"line":69,"column":8},"end":{"line":83,"column":9}},{"start":{"line":69,"column":8},"end":{"line":83,"column":9}}],"line":69},"9":{"loc":{"start":{"line":72,"column":10},"end":{"line":81,"column":11}},"type":"if","locations":[{"start":{"line":72,"column":10},"end":{"line":81,"column":11}},{"start":{"line":72,"column":10},"end":{"line":81,"column":11}}],"line":72},"10":{"loc":{"start":{"line":78,"column":12},"end":{"line":80,"column":13}},"type":"if","locations":[{"start":{"line":78,"column":12},"end":{"line":80,"column":13}},{"start":{"line":78,"column":12},"end":{"line":80,"column":13}}],"line":78}},"s":{"0":1,"1":1,"2":1,"3":0,"4":0,"5":0,"6":0,"7":0,"8":0,"9":0,"10":0,"11":0,"12":0,"13":0,"14":0,"15":0,"16":1,"17":1,"18":1,"19":0,"20":0,"21":0,"22":0,"23":0,"24":0,"25":1,"26":1,"27":1,"28":0,"29":1,"30":1,"31":2,"32":0,"33":0,"34":0,"35":2,"36":1,"37":1,"38":1,"39":1,"40":1,"41":1,"42":1,"43":1,"44":0,"45":1,"46":1},"f":{"0":1,"1":0,"2":0,"3":0,"4":1,"5":0,"6":0,"7":2,"8":1},"b":{"0":[0,0],"1":[0,0],"2":[0,0],"3":[0,1],"4":[0,0],"5":[1],"6":[0,0,2],"7":[0,0],"8":[1,1],"9":[1,0],"10":[1,0]},"_coverageSchema":"1a1c01bbd47fc00a2c39e90264f33305004495a9","hash":"c4cd0027fed7de89dee435449a8b21afc98a91e7"}
}
