TN:
SF:out-tsc\actions.js
FN:2,(anonymous_0)
FNF:1
FNH:0
FNDA:0,(anonymous_0)
DA:2,1
LF:1
LH:1
BRF:0
BRH:0
end_of_record
TN:
SF:out-tsc\actionsTypes.js
FNF:0
FNH:0
DA:1,1
DA:2,1
DA:3,1
LF:3
LH:3
BRF:0
BRH:0
end_of_record
TN:
SF:out-tsc\index.js
FNF:0
FNH:0
DA:4,1
LF:1
LH:1
BRF:0
BRH:0
end_of_record
TN:
SF:out-tsc\reducer.js
FN:2,(anonymous_0)
FN:4,(anonymous_1)
FN:7,(anonymous_2)
FN:13,(anonymous_3)
FN:25,(anonymous_4)
FN:28,(anonymous_5)
FN:42,(anonymous_6)
FN:45,(anonymous_7)
FN:59,(anonymous_8)
FNF:9
FNH:4
FNDA:1,(anonymous_0)
FNDA:0,(anonymous_1)
FNDA:0,(anonymous_2)
FNDA:0,(anonymous_3)
FNDA:1,(anonymous_4)
FNDA:0,(anonymous_5)
FNDA:0,(anonymous_6)
FNDA:2,(anonymous_7)
FNDA:1,(anonymous_8)
DA:2,1
DA:3,1
DA:4,1
DA:5,0
DA:6,0
DA:7,0
DA:8,0
DA:10,0
DA:13,0
DA:14,0
DA:15,0
DA:18,0
DA:19,0
DA:20,0
DA:23,0
DA:25,1
DA:26,1
DA:27,1
DA:28,0
DA:29,0
DA:31,0
DA:34,0
DA:35,0
DA:39,1
DA:40,1
DA:42,1
DA:44,1
DA:45,1
DA:46,2
DA:48,0
DA:50,0
DA:51,0
DA:54,2
DA:55,1
DA:56,1
DA:57,1
DA:58,1
DA:59,1
DA:60,1
DA:61,1
DA:64,0
DA:66,1
DA:70,1
LF:43
LH:22
BRDA:6,0,0,0
BRDA:6,0,1,0
BRDA:8,1,0,0
BRDA:8,1,1,0
BRDA:14,2,0,0
BRDA:14,2,1,0
BRDA:27,3,0,0
BRDA:27,3,1,1
BRDA:29,4,0,0
BRDA:29,4,1,0
BRDA:45,5,0,1
BRDA:46,6,0,0
BRDA:46,6,1,0
BRDA:46,6,2,2
BRDA:51,7,0,0
BRDA:51,7,1,0
BRDA:54,8,0,1
BRDA:54,8,1,1
BRDA:57,9,0,1
BRDA:57,9,1,0
BRDA:60,10,0,1
BRDA:60,10,1,0
BRF:22
BRH:7
end_of_record
TN:
SF:src\actions.ts
FN:3,(anonymous_0)
FNF:1
FNH:0
FNDA:0,(anonymous_0)
DA:3,1
LF:1
LH:1
BRF:0
BRH:0
end_of_record
TN:
SF:src\actionsTypes.ts
FNF:0
FNH:0
DA:1,1
DA:2,1
DA:3,1
LF:3
LH:3
BRF:0
BRH:0
end_of_record
TN:
SF:src\index.ts
FNF:0
FNH:0
DA:6,1
LF:1
LH:1
BRF:0
BRH:0
end_of_record
TN:
SF:src\reducer.ts
FN:15,(anonymous_0)
FN:18,(anonymous_1)
FN:21,(anonymous_2)
FN:27,(anonymous_3)
FN:40,(anonymous_4)
FN:43,(anonymous_5)
FN:55,(anonymous_6)
FN:60,(anonymous_7)
FN:75,(anonymous_8)
FNF:9
FNH:4
FNDA:1,(anonymous_0)
FNDA:0,(anonymous_1)
FNDA:0,(anonymous_2)
FNDA:0,(anonymous_3)
FNDA:1,(anonymous_4)
FNDA:0,(anonymous_5)
FNDA:0,(anonymous_6)
FNDA:2,(anonymous_7)
FNDA:1,(anonymous_8)
DA:15,1
DA:16,1
DA:18,1
DA:19,0
DA:20,0
DA:21,0
DA:22,0
DA:24,0
DA:27,0
DA:29,0
DA:30,0
DA:32,0
DA:33,0
DA:34,0
DA:37,0
DA:40,1
DA:41,1
DA:42,1
DA:43,0
DA:44,0
DA:46,0
DA:48,0
DA:49,0
DA:52,1
DA:53,1
DA:55,1
DA:58,1
DA:60,1
DA:61,2
DA:63,0
DA:65,0
DA:66,0
DA:69,2
DA:70,1
DA:71,1
DA:72,1
DA:73,1
DA:74,1
DA:75,1
DA:78,1
DA:79,1
DA:82,0
DA:84,1
DA:88,1
LF:44
LH:23
BRDA:20,0,0,0
BRDA:20,0,1,0
BRDA:22,1,0,0
BRDA:22,1,1,0
BRDA:29,2,0,0
BRDA:29,2,1,0
BRDA:42,3,0,0
BRDA:42,3,1,1
BRDA:44,4,0,0
BRDA:44,4,1,0
BRDA:60,5,0,1
BRDA:61,6,0,0
BRDA:61,6,1,0
BRDA:61,6,2,2
BRDA:66,7,0,0
BRDA:66,7,1,0
BRDA:69,8,0,1
BRDA:69,8,1,1
BRDA:72,9,0,1
BRDA:72,9,1,0
BRDA:78,10,0,1
BRDA:78,10,1,0
BRF:22
BRH:7
end_of_record
